# JRE version: Java(TM) SE Runtime Environment 18.9 (11.0.7+8) (build 11.0.7+8-LTS)
# Java VM: Java HotSpot(TM) 64-Bit Server VM 18.9 (11.0.7+8-LTS, mixed mode, tiered, compressed oops, g1 gc, windows-amd64)
Heap:
 garbage-first heap   total 189440K, used 41206K [0x0000000081c00000, 0x0000000100000000)
  region size 1024K, 13 young (13312K), 9 survivors (9216K)
 Metaspace       used 58792K, capacity 60488K, committed 60672K, reserved 1101824K
  class space    used 7642K, capacity 8300K, committed 8320K, reserved 1048576K
GC Heap History (10 events):
Event: 6.305 GC heap before
{Heap before GC invocations=9 (full 0):
 garbage-first heap   total 157696K, used 82286K [0x0000000081c00000, 0x0000000100000000)
  region size 1024K, 63 young (64512K), 7 survivors (7168K)
 Metaspace       used 34520K, capacity 35707K, committed 35840K, reserved 1081344K
  class space    used 4411K, capacity 4877K, committed 4992K, reserved 1048576K
}
Event: 6.319 GC heap after
{Heap after GC invocations=10 (full 0):
 garbage-first heap   total 157696K, used 28852K [0x0000000081c00000, 0x0000000100000000)
  region size 1024K, 9 young (9216K), 9 survivors (9216K)
 Metaspace       used 34520K, capacity 35707K, committed 35840K, reserved 1081344K
  class space    used 4411K, capacity 4877K, committed 4992K, reserved 1048576K
}
Event: 6.660 GC heap before
{Heap before GC invocations=11 (full 0):
 garbage-first heap   total 157696K, used 112820K [0x0000000081c00000, 0x0000000100000000)
  region size 1024K, 92 young (94208K), 9 survivors (9216K)
 Metaspace       used 35961K, capacity 37187K, committed 37504K, reserved 1081344K
  class space    used 4544K, capacity 5050K, committed 5120K, reserved 1048576K
}
Event: 6.677 GC heap after
{Heap after GC invocations=12 (full 0):
 garbage-first heap   total 189440K, used 30497K [0x0000000081c00000, 0x0000000100000000)
  region size 1024K, 7 young (7168K), 7 survivors (7168K)
 Metaspace       used 35961K, capacity 37187K, committed 37504K, reserved 1081344K
  class space    used 4544K, capacity 5050K, committed 5120K, reserved 1048576K
}
Event: 8.413 GC heap before
{Heap before GC invocations=12 (full 0):
 garbage-first heap   total 189440K, used 135969K [0x0000000081c00000, 0x0000000100000000)
  region size 1024K, 111 young (113664K), 7 survivors (7168K)
 Metaspace       used 47078K, capacity 48443K, committed 48512K, reserved 1091584K
  class space    used 5959K, capacity 6498K, committed 6528K, reserved 1048576K
}
Event: 8.427 GC heap after
{Heap after GC invocations=13 (full 0):
 garbage-first heap   total 189440K, used 33084K [0x0000000081c00000, 0x0000000100000000)
  region size 1024K, 10 young (10240K), 10 survivors (10240K)
 Metaspace       used 47078K, capacity 48443K, committed 48512K, reserved 1091584K
  class space    used 5959K, capacity 6498K, committed 6528K, reserved 1048576K
}
Event: 10.765 GC heap before
{Heap before GC invocations=13 (full 0):
 garbage-first heap   total 189440K, used 135484K [0x0000000081c00000, 0x0000000100000000)
  region size 1024K, 111 young (113664K), 10 survivors (10240K)
 Metaspace       used 56375K, capacity 58013K, committed 58240K, reserved 1099776K
  class space    used 7352K, capacity 7992K, committed 8064K, reserved 1048576K
}
Event: 10.784 GC heap after
{Heap after GC invocations=14 (full 0):
 garbage-first heap   total 189440K, used 37207K [0x0000000081c00000, 0x0000000100000000)
  region size 1024K, 9 young (9216K), 9 survivors (9216K)
 Metaspace       used 56375K, capacity 58013K, committed 58240K, reserved 1099776K
  class space    used 7352K, capacity 7992K, committed 8064K, reserved 1048576K
}
Event: 11.091 GC heap before
{Heap before GC invocations=14 (full 0):
 garbage-first heap   total 189440K, used 57687K [0x0000000081c00000, 0x0000000100000000)
  region size 1024K, 30 young (30720K), 9 survivors (9216K)
 Metaspace       used 58354K, capacity 60028K, committed 60160K, reserved 1101824K
  class space    used 7586K, capacity 8234K, committed 8320K, reserved 1048576K
}
Event: 11.104 GC heap after
{Heap after GC invocations=15 (full 0):
 garbage-first heap   total 189440K, used 38134K [0x0000000081c00000, 0x0000000100000000)
  region size 1024K, 9 young (9216K), 9 survivors (9216K)
 Metaspace       used 58354K, capacity 60028K, committed 60160K, reserved 1101824K
  class space    used 7586K, capacity 8234K, committed 8320K, reserved 1048576K
}

