# JRE version: Java(TM) SE Runtime Environment 18.9 (11.0.7+8) (build 11.0.7+8-LTS)
# Java VM: Java HotSpot(TM) 64-Bit Server VM 18.9 (11.0.7+8-LTS, mixed mode, tiered, compressed oops, g1 gc, windows-amd64)
Heap:
 garbage-first heap   total 189440K, used 43323K [0x0000000081c00000, 0x0000000100000000)
  region size 1024K, 15 young (15360K), 9 survivors (9216K)
 Metaspace       used 58547K, capacity 60078K, committed 60272K, reserved 1101824K
  class space    used 7557K, capacity 8162K, committed 8304K, reserved 1048576K
GC Heap History (10 events):
Event: 8.210 GC heap before
{Heap before GC invocations=12 (full 0):
 garbage-first heap   total 157696K, used 93840K [0x0000000081c00000, 0x0000000100000000)
  region size 1024K, 69 young (70656K), 5 survivors (5120K)
 Metaspace       used 36035K, capacity 37328K, committed 37500K, reserved 1081344K
  class space    used 4562K, capacity 5090K, committed 5244K, reserved 1048576K
}
Event: 8.220 GC heap after
{Heap after GC invocations=13 (full 0):
 garbage-first heap   total 157696K, used 30352K [0x0000000081c00000, 0x0000000100000000)
  region size 1024K, 6 young (6144K), 6 survivors (6144K)
 Metaspace       used 36035K, capacity 37328K, committed 37500K, reserved 1081344K
  class space    used 4562K, capacity 5090K, committed 5244K, reserved 1048576K
}
Event: 8.717 GC heap before
{Heap before GC invocations=13 (full 0):
 garbage-first heap   total 157696K, used 98960K [0x0000000081c00000, 0x0000000100000000)
  region size 1024K, 74 young (75776K), 6 survivors (6144K)
 Metaspace       used 39185K, capacity 40481K, committed 40828K, reserved 1085440K
  class space    used 4852K, capacity 5375K, committed 5500K, reserved 1048576K
}
Event: 8.727 GC heap after
{Heap after GC invocations=14 (full 0):
 garbage-first heap   total 157696K, used 32147K [0x0000000081c00000, 0x0000000100000000)
  region size 1024K, 7 young (7168K), 7 survivors (7168K)
 Metaspace       used 39185K, capacity 40481K, committed 40828K, reserved 1085440K
  class space    used 4852K, capacity 5375K, committed 5500K, reserved 1048576K
}
Event: 9.865 GC heap before
{Heap before GC invocations=14 (full 0):
 garbage-first heap   total 157696K, used 103827K [0x0000000081c00000, 0x0000000100000000)
  region size 1024K, 77 young (78848K), 7 survivors (7168K)
 Metaspace       used 48062K, capacity 49399K, committed 49788K, reserved 1091584K
  class space    used 6101K, capacity 6637K, committed 6780K, reserved 1048576K
}
Event: 9.877 GC heap after
{Heap after GC invocations=15 (full 0):
 garbage-first heap   total 157696K, used 34242K [0x0000000081c00000, 0x0000000100000000)
  region size 1024K, 7 young (7168K), 7 survivors (7168K)
 Metaspace       used 48062K, capacity 49399K, committed 49788K, reserved 1091584K
  class space    used 6101K, capacity 6637K, committed 6780K, reserved 1048576K
}
Event: 11.251 GC heap before
{Heap before GC invocations=15 (full 0):
 garbage-first heap   total 157696K, used 108994K [0x0000000081c00000, 0x0000000100000000)
  region size 1024K, 80 young (81920K), 7 survivors (7168K)
 Metaspace       used 55695K, capacity 57143K, committed 57340K, reserved 1099776K
  class space    used 7234K, capacity 7815K, committed 7932K, reserved 1048576K
}
Event: 11.264 GC heap after
{Heap after GC invocations=16 (full 0):
 garbage-first heap   total 189440K, used 36675K [0x0000000081c00000, 0x0000000100000000)
  region size 1024K, 8 young (8192K), 8 survivors (8192K)
 Metaspace       used 55695K, capacity 57143K, committed 57340K, reserved 1099776K
  class space    used 7234K, capacity 7815K, committed 7932K, reserved 1048576K
}
Event: 11.715 GC heap before
{Heap before GC invocations=16 (full 0):
 garbage-first heap   total 189440K, used 55107K [0x0000000081c00000, 0x0000000100000000)
  region size 1024K, 27 young (27648K), 8 survivors (8192K)
 Metaspace       used 58321K, capacity 59790K, committed 59900K, reserved 1101824K
  class space    used 7522K, capacity 8130K, committed 8188K, reserved 1048576K
}
Event: 11.729 GC heap after
{Heap after GC invocations=17 (full 0):
 garbage-first heap   total 189440K, used 38203K [0x0000000081c00000, 0x0000000100000000)
  region size 1024K, 9 young (9216K), 9 survivors (9216K)
 Metaspace       used 58321K, capacity 59790K, committed 59900K, reserved 1101824K
  class space    used 7522K, capacity 8130K, committed 8188K, reserved 1048576K
}

